2017-12-25 21:29:37,988 DEBUG RenameIt:46 - 文件:D:\javaworkspace\renamecellsname\src\test\resources\book1.xls
2017-12-25 21:29:38,577 DEBUG RenameIt:117 - 共几行13
2017-12-25 21:29:38,578 DEBUG RenameIt:117 - 共几行13
2017-12-25 21:29:38,579 DEBUG RenameIt:117 - 共几行13
2017-12-25 21:29:38,580 DEBUG RenameIt:117 - 共几行13
2017-12-25 21:29:38,580 DEBUG RenameIt:117 - 共几行13
2017-12-25 21:29:38,581 DEBUG RenameIt:117 - 共几行13
2017-12-25 21:29:38,582 DEBUG RenameIt:117 - 共几行13
2017-12-25 21:29:38,582 DEBUG RenameIt:117 - 共几行13
2017-12-25 21:29:38,583 DEBUG RenameIt:117 - 共几行13
2017-12-25 21:29:38,583 DEBUG RenameIt:117 - 共几行13
2017-12-25 21:29:38,585 DEBUG RenameIt:124 - 单元格null
2017-12-25 21:29:38,586 DEBUG RenameIt:124 - 单元格null
2017-12-25 21:29:38,587 DEBUG RenameIt:124 - 单元格null
2017-12-25 21:29:38,587 DEBUG RenameIt:124 - 单元格null
2017-12-25 21:29:38,588 DEBUG RenameIt:124 - 单元格null
2017-12-25 21:29:38,590 DEBUG RenameIt:124 - 单元格null
2017-12-25 21:29:38,591 DEBUG RenameIt:124 - 单元格sai0024
2017-12-25 21:29:38,592 DEBUG RenameIt:132 - row.getCell(k)sai0024
2017-12-25 21:29:38,592 DEBUG RenameIt:133 - key
2017-12-25 21:29:38,593 DEBUG RenameIt:132 - row.getCell(k)sai0024
2017-12-25 21:29:38,593 DEBUG RenameIt:133 - keysssss
2017-12-25 21:29:38,594 DEBUG RenameIt:117 - 共几行13
2017-12-25 21:29:38,594 DEBUG RenameIt:124 - 单元格null
2017-12-25 21:29:38,595 DEBUG RenameIt:124 - 单元格null
2017-12-25 21:29:38,595 DEBUG RenameIt:124 - 单元格null
2017-12-25 21:29:38,596 DEBUG RenameIt:124 - 单元格null
2017-12-25 21:29:38,596 DEBUG RenameIt:124 - 单元格null
2017-12-25 21:29:38,597 DEBUG RenameIt:124 - 单元格null
2017-12-25 21:29:38,597 DEBUG RenameIt:124 - 单元格sssss
2017-12-25 21:29:38,598 DEBUG RenameIt:132 - row.getCell(k)sssss
2017-12-25 21:29:38,598 DEBUG RenameIt:133 - key
2017-12-25 21:29:38,599 DEBUG RenameIt:132 - row.getCell(k)sssss
2017-12-25 21:29:38,599 DEBUG RenameIt:133 - keysssss
2017-12-25 21:29:38,703 DEBUG RenameIt:117 - 共几行13
2017-12-25 21:29:38,704 DEBUG RenameIt:124 - 单元格null
2017-12-25 21:29:38,704 DEBUG RenameIt:124 - 单元格null
2017-12-25 21:29:38,705 DEBUG RenameIt:124 - 单元格null
2017-12-25 21:29:38,705 DEBUG RenameIt:124 - 单元格null
2017-12-25 21:29:38,706 DEBUG RenameIt:124 - 单元格null
2017-12-25 21:29:38,708 DEBUG RenameIt:124 - 单元格null
2017-12-25 21:29:38,708 DEBUG RenameIt:124 - 单元格sai0026
2017-12-25 21:29:38,709 DEBUG RenameIt:132 - row.getCell(k)sai0026
2017-12-25 21:29:38,710 DEBUG RenameIt:133 - key
2017-12-25 21:29:38,710 DEBUG RenameIt:132 - row.getCell(k)sai0026
2017-12-25 21:29:38,711 DEBUG RenameIt:133 - keysssss
2017-12-25 21:29:38,711 DEBUG RenameIt:117 - 共几行13
2017-12-25 21:29:38,712 DEBUG RenameIt:124 - 单元格null
2017-12-25 21:29:38,712 DEBUG RenameIt:124 - 单元格null
2017-12-25 21:29:38,713 DEBUG RenameIt:124 - 单元格null
2017-12-25 21:29:38,713 DEBUG RenameIt:124 - 单元格null
2017-12-25 21:29:38,714 DEBUG RenameIt:124 - 单元格null
2017-12-25 21:29:38,715 DEBUG RenameIt:124 - 单元格null
2017-12-25 21:29:38,715 DEBUG RenameIt:124 - 单元格sai0027
2017-12-25 21:29:38,715 DEBUG RenameIt:132 - row.getCell(k)sai0027
2017-12-25 21:29:38,716 DEBUG RenameIt:133 - key
2017-12-25 21:29:38,716 DEBUG RenameIt:132 - row.getCell(k)sai0027
2017-12-25 21:29:38,717 DEBUG RenameIt:133 - keysssss
2017-12-25 21:29:38,717 DEBUG RenameIt:117 - 共几行13
2017-12-25 21:29:38,718 DEBUG RenameIt:117 - 共几行13
2017-12-25 21:29:38,718 DEBUG RenameIt:117 - 共几行13
2017-12-25 21:29:38,719 DEBUG RenameIt:117 - 共几行13
2017-12-25 21:29:38,719 DEBUG RenameIt:117 - 共几行13
2017-12-25 21:29:38,720 DEBUG RenameIt:117 - 共几行13
2017-12-25 21:29:38,720 DEBUG RenameIt:117 - 共几行13
2017-12-25 21:29:38,721 DEBUG RenameIt:117 - 共几行13
2017-12-25 21:29:38,721 DEBUG RenameIt:117 - 共几行13
2017-12-25 21:29:38,722 DEBUG RenameIt:117 - 共几行13
2017-12-25 21:29:38,722 DEBUG RenameIt:124 - 单元格null
2017-12-25 21:29:38,723 DEBUG RenameIt:124 - 单元格null
2017-12-25 21:29:38,723 DEBUG RenameIt:124 - 单元格null
2017-12-25 21:29:38,724 DEBUG RenameIt:124 - 单元格sai0024
2017-12-25 21:29:38,724 DEBUG RenameIt:132 - row.getCell(k)sai0024
2017-12-25 21:29:38,725 DEBUG RenameIt:133 - key
2017-12-25 21:29:38,725 DEBUG RenameIt:132 - row.getCell(k)sai0024
2017-12-25 21:29:38,726 DEBUG RenameIt:133 - keysssss
2017-12-25 21:29:38,726 DEBUG RenameIt:117 - 共几行13
2017-12-25 21:29:38,726 DEBUG RenameIt:124 - 单元格null
2017-12-25 21:29:38,727 DEBUG RenameIt:124 - 单元格null
2017-12-25 21:29:38,727 DEBUG RenameIt:124 - 单元格null
2017-12-25 21:29:38,728 DEBUG RenameIt:124 - 单元格sssss
2017-12-25 21:29:38,728 DEBUG RenameIt:132 - row.getCell(k)sssss
2017-12-25 21:29:38,729 DEBUG RenameIt:133 - key
2017-12-25 21:29:38,731 DEBUG RenameIt:132 - row.getCell(k)sssss
2017-12-25 21:29:38,732 DEBUG RenameIt:133 - keysssss
2017-12-25 21:29:38,744 DEBUG RenameIt:117 - 共几行13
2017-12-25 21:29:38,745 DEBUG RenameIt:124 - 单元格null
2017-12-25 21:29:38,746 DEBUG RenameIt:124 - 单元格null
2017-12-25 21:29:38,746 DEBUG RenameIt:124 - 单元格null
2017-12-25 21:29:38,747 DEBUG RenameIt:124 - 单元格sai0026
2017-12-25 21:29:38,747 DEBUG RenameIt:132 - row.getCell(k)sai0026
2017-12-25 21:29:38,748 DEBUG RenameIt:133 - key
2017-12-25 21:29:38,748 DEBUG RenameIt:132 - row.getCell(k)sai0026
2017-12-25 21:29:38,749 DEBUG RenameIt:133 - keysssss
2017-12-25 21:29:38,749 DEBUG RenameIt:117 - 共几行13
2017-12-25 21:29:38,749 DEBUG RenameIt:124 - 单元格null
2017-12-25 21:29:38,750 DEBUG RenameIt:124 - 单元格null
2017-12-25 21:29:38,750 DEBUG RenameIt:124 - 单元格null
2017-12-25 21:29:38,751 DEBUG RenameIt:124 - 单元格sai0027
2017-12-25 21:29:38,751 DEBUG RenameIt:132 - row.getCell(k)sai0027
2017-12-25 21:29:38,752 DEBUG RenameIt:133 - key
2017-12-25 21:29:38,752 DEBUG RenameIt:132 - row.getCell(k)sai0027
2017-12-25 21:29:38,753 DEBUG RenameIt:133 - keysssss
2017-12-25 21:29:38,753 DEBUG RenameIt:117 - 共几行14
2017-12-25 21:29:38,754 DEBUG RenameIt:117 - 共几行14
2017-12-25 21:29:38,754 DEBUG RenameIt:117 - 共几行14
2017-12-25 21:29:38,755 DEBUG RenameIt:117 - 共几行14
2017-12-25 21:29:38,755 DEBUG RenameIt:117 - 共几行14
2017-12-25 21:29:38,755 DEBUG RenameIt:117 - 共几行14
2017-12-25 21:29:38,756 DEBUG RenameIt:117 - 共几行14
2017-12-25 21:29:38,756 DEBUG RenameIt:117 - 共几行14
2017-12-25 21:29:38,757 DEBUG RenameIt:117 - 共几行14
2017-12-25 21:29:38,757 DEBUG RenameIt:117 - 共几行14
2017-12-25 21:29:38,758 DEBUG RenameIt:117 - 共几行14
2017-12-25 21:29:38,758 DEBUG RenameIt:124 - 单元格null
2017-12-25 21:29:38,758 DEBUG RenameIt:124 - 单元格null
2017-12-25 21:29:38,759 DEBUG RenameIt:124 - 单元格null
2017-12-25 21:29:38,759 DEBUG RenameIt:124 - 单元格null
2017-12-25 21:29:38,769 DEBUG RenameIt:124 - 单元格null
2017-12-25 21:29:38,770 DEBUG RenameIt:124 - 单元格sai0024
2017-12-25 21:29:38,770 DEBUG RenameIt:132 - row.getCell(k)sai0024
2017-12-25 21:29:38,770 DEBUG RenameIt:133 - key
2017-12-25 21:29:38,771 DEBUG RenameIt:132 - row.getCell(k)sai0024
2017-12-25 21:29:38,771 DEBUG RenameIt:133 - keysssss
2017-12-25 21:29:38,772 DEBUG RenameIt:117 - 共几行14
2017-12-25 21:29:38,772 DEBUG RenameIt:124 - 单元格null
2017-12-25 21:29:38,773 DEBUG RenameIt:124 - 单元格null
2017-12-25 21:29:38,773 DEBUG RenameIt:124 - 单元格null
2017-12-25 21:29:38,774 DEBUG RenameIt:124 - 单元格null
2017-12-25 21:29:38,774 DEBUG RenameIt:124 - 单元格null
2017-12-25 21:29:38,774 DEBUG RenameIt:124 - 单元格sssss
2017-12-25 21:29:38,775 DEBUG RenameIt:132 - row.getCell(k)sssss
2017-12-25 21:29:38,775 DEBUG RenameIt:133 - key
2017-12-25 21:29:38,776 DEBUG RenameIt:132 - row.getCell(k)sssss
2017-12-25 21:29:38,776 DEBUG RenameIt:133 - keysssss
2017-12-25 21:29:38,787 DEBUG RenameIt:117 - 共几行14
2017-12-25 21:29:38,788 DEBUG RenameIt:124 - 单元格null
2017-12-25 21:29:38,788 DEBUG RenameIt:124 - 单元格null
2017-12-25 21:29:38,791 DEBUG RenameIt:124 - 单元格null
2017-12-25 21:29:38,791 DEBUG RenameIt:124 - 单元格null
2017-12-25 21:29:38,792 DEBUG RenameIt:124 - 单元格null
2017-12-25 21:29:38,792 DEBUG RenameIt:124 - 单元格sai0026
2017-12-25 21:29:38,793 DEBUG RenameIt:132 - row.getCell(k)sai0026
2017-12-25 21:29:38,793 DEBUG RenameIt:133 - key
2017-12-25 21:29:38,793 DEBUG RenameIt:132 - row.getCell(k)sai0026
2017-12-25 21:29:38,794 DEBUG RenameIt:133 - keysssss
2017-12-25 21:29:38,794 DEBUG RenameIt:117 - 共几行14
2017-12-25 21:29:38,794 DEBUG RenameIt:124 - 单元格null
2017-12-25 21:29:38,795 DEBUG RenameIt:124 - 单元格null
2017-12-25 21:29:38,795 DEBUG RenameIt:124 - 单元格null
2017-12-25 21:29:38,795 DEBUG RenameIt:124 - 单元格null
2017-12-25 21:29:38,796 DEBUG RenameIt:124 - 单元格null
2017-12-25 21:29:38,797 DEBUG RenameIt:124 - 单元格sai0027
2017-12-25 21:29:38,797 DEBUG RenameIt:132 - row.getCell(k)sai0027
2017-12-25 21:29:38,797 DEBUG RenameIt:133 - key
2017-12-25 21:29:38,798 DEBUG RenameIt:132 - row.getCell(k)sai0027
2017-12-25 21:29:38,798 DEBUG RenameIt:133 - keysssss
2017-12-25 21:29:38,799 DEBUG RenameIt:46 - 文件:D:\javaworkspace\renamecellsname\src\test\resources\book1.xlsx
2017-12-25 21:29:40,718 DEBUG RenameIt:62 - 共几行24
2017-12-25 21:29:40,718 DEBUG RenameIt:62 - 共几行24
2017-12-25 21:29:40,718 DEBUG RenameIt:62 - 共几行24
2017-12-25 21:29:40,719 DEBUG RenameIt:62 - 共几行24
2017-12-25 21:29:40,719 DEBUG RenameIt:62 - 共几行24
2017-12-25 21:29:40,719 DEBUG RenameIt:62 - 共几行24
2017-12-25 21:29:40,719 DEBUG RenameIt:62 - 共几行24
2017-12-25 21:29:40,720 DEBUG RenameIt:62 - 共几行24
2017-12-25 21:29:40,720 DEBUG RenameIt:62 - 共几行24
2017-12-25 21:29:40,720 DEBUG RenameIt:62 - 共几行24
2017-12-25 21:29:40,721 DEBUG RenameIt:62 - 共几行24
2017-12-25 21:29:40,721 DEBUG RenameIt:62 - 共几行24
2017-12-25 21:29:40,721 DEBUG RenameIt:62 - 共几行24
2017-12-25 21:29:40,722 DEBUG RenameIt:62 - 共几行24
2017-12-25 21:29:40,722 DEBUG RenameIt:62 - 共几行24
2017-12-25 21:29:40,723 DEBUG RenameIt:68 - 单元格null
2017-12-25 21:29:40,724 DEBUG RenameIt:68 - 单元格null
2017-12-25 21:29:40,725 DEBUG RenameIt:68 - 单元格null
2017-12-25 21:29:40,725 DEBUG RenameIt:68 - 单元格null
2017-12-25 21:29:40,725 DEBUG RenameIt:68 - 单元格null
2017-12-25 21:29:40,737 DEBUG RenameIt:68 - 单元格sai0020
2017-12-25 21:29:40,738 DEBUG RenameIt:76 - row.getCell(k)sai0020
2017-12-25 21:29:40,738 DEBUG RenameIt:77 - key
2017-12-25 21:29:40,738 DEBUG RenameIt:76 - row.getCell(k)sai0020
2017-12-25 21:29:40,739 DEBUG RenameIt:77 - keysssss
2017-12-25 21:29:40,739 DEBUG RenameIt:62 - 共几行24
2017-12-25 21:29:40,739 DEBUG RenameIt:68 - 单元格null
2017-12-25 21:29:40,739 DEBUG RenameIt:68 - 单元格null
2017-12-25 21:29:40,740 DEBUG RenameIt:68 - 单元格null
2017-12-25 21:29:40,740 DEBUG RenameIt:68 - 单元格null
2017-12-25 21:29:40,740 DEBUG RenameIt:68 - 单元格null
2017-12-25 21:29:40,741 DEBUG RenameIt:68 - 单元格sai0021
2017-12-25 21:29:40,741 DEBUG RenameIt:76 - row.getCell(k)sai0021
2017-12-25 21:29:40,741 DEBUG RenameIt:77 - key
2017-12-25 21:29:40,742 DEBUG RenameIt:76 - row.getCell(k)sai0021
2017-12-25 21:29:40,742 DEBUG RenameIt:77 - keysssss
2017-12-25 21:29:40,742 DEBUG RenameIt:62 - 共几行24
2017-12-25 21:29:40,742 DEBUG RenameIt:68 - 单元格null
2017-12-25 21:29:40,742 DEBUG RenameIt:68 - 单元格null
2017-12-25 21:29:40,743 DEBUG RenameIt:68 - 单元格null
2017-12-25 21:29:40,743 DEBUG RenameIt:68 - 单元格null
2017-12-25 21:29:40,743 DEBUG RenameIt:68 - 单元格null
2017-12-25 21:29:40,743 DEBUG RenameIt:68 - 单元格sai0022
2017-12-25 21:29:40,744 DEBUG RenameIt:76 - row.getCell(k)sai0022
2017-12-25 21:29:40,744 DEBUG RenameIt:77 - key
2017-12-25 21:29:40,744 DEBUG RenameIt:76 - row.getCell(k)sai0022
2017-12-25 21:29:40,744 DEBUG RenameIt:77 - keysssss
2017-12-25 21:29:40,745 DEBUG RenameIt:62 - 共几行24
2017-12-25 21:29:40,745 DEBUG RenameIt:68 - 单元格null
2017-12-25 21:29:40,745 DEBUG RenameIt:68 - 单元格null
2017-12-25 21:29:40,745 DEBUG RenameIt:68 - 单元格null
2017-12-25 21:29:40,746 DEBUG RenameIt:68 - 单元格null
2017-12-25 21:29:40,746 DEBUG RenameIt:68 - 单元格null
2017-12-25 21:29:40,746 DEBUG RenameIt:68 - 单元格sai0023
2017-12-25 21:29:40,746 DEBUG RenameIt:76 - row.getCell(k)sai0023
2017-12-25 21:29:40,747 DEBUG RenameIt:77 - key
2017-12-25 21:29:40,747 DEBUG RenameIt:76 - row.getCell(k)sai0023
2017-12-25 21:29:40,747 DEBUG RenameIt:77 - keysssss
2017-12-25 21:29:40,747 DEBUG RenameIt:62 - 共几行24
2017-12-25 21:29:40,748 DEBUG RenameIt:68 - 单元格null
2017-12-25 21:29:40,748 DEBUG RenameIt:68 - 单元格null
2017-12-25 21:29:40,748 DEBUG RenameIt:68 - 单元格null
2017-12-25 21:29:40,748 DEBUG RenameIt:68 - 单元格null
2017-12-25 21:29:40,748 DEBUG RenameIt:68 - 单元格null
2017-12-25 21:29:40,749 DEBUG RenameIt:68 - 单元格sai0024
2017-12-25 21:29:40,749 DEBUG RenameIt:76 - row.getCell(k)sai0024
2017-12-25 21:29:40,749 DEBUG RenameIt:77 - key
2017-12-25 21:29:40,749 DEBUG RenameIt:76 - row.getCell(k)sai0024
2017-12-25 21:29:40,750 DEBUG RenameIt:77 - keysssss
2017-12-25 21:29:40,750 DEBUG RenameIt:62 - 共几行24
2017-12-25 21:29:40,750 DEBUG RenameIt:68 - 单元格null
2017-12-25 21:29:40,750 DEBUG RenameIt:68 - 单元格null
2017-12-25 21:29:40,751 DEBUG RenameIt:68 - 单元格null
2017-12-25 21:29:40,751 DEBUG RenameIt:68 - 单元格null
2017-12-25 21:29:40,751 DEBUG RenameIt:68 - 单元格null
2017-12-25 21:29:40,752 DEBUG RenameIt:68 - 单元格GG
2017-12-25 21:29:40,753 DEBUG RenameIt:76 - row.getCell(k)GG
2017-12-25 21:29:40,753 DEBUG RenameIt:77 - key
2017-12-25 21:29:40,753 DEBUG RenameIt:76 - row.getCell(k)GG
2017-12-25 21:29:40,753 DEBUG RenameIt:77 - keysssss
2017-12-25 21:29:40,754 DEBUG RenameIt:62 - 共几行24
2017-12-25 21:29:40,754 DEBUG RenameIt:68 - 单元格null
2017-12-25 21:29:40,754 DEBUG RenameIt:68 - 单元格null
2017-12-25 21:29:40,754 DEBUG RenameIt:68 - 单元格null
2017-12-25 21:29:40,754 DEBUG RenameIt:68 - 单元格null
2017-12-25 21:29:40,755 DEBUG RenameIt:68 - 单元格null
2017-12-25 21:29:40,755 DEBUG RenameIt:68 - 单元格sai0026
2017-12-25 21:29:40,755 DEBUG RenameIt:76 - row.getCell(k)sai0026
2017-12-25 21:29:40,755 DEBUG RenameIt:77 - key
2017-12-25 21:29:40,756 DEBUG RenameIt:76 - row.getCell(k)sai0026
2017-12-25 21:29:40,756 DEBUG RenameIt:77 - keysssss
2017-12-25 21:29:40,756 DEBUG RenameIt:62 - 共几行24
2017-12-25 21:29:40,756 DEBUG RenameIt:68 - 单元格null
2017-12-25 21:29:40,757 DEBUG RenameIt:68 - 单元格null
2017-12-25 21:29:40,757 DEBUG RenameIt:68 - 单元格null
2017-12-25 21:29:40,757 DEBUG RenameIt:68 - 单元格null
2017-12-25 21:29:40,757 DEBUG RenameIt:68 - 单元格null
2017-12-25 21:29:40,758 DEBUG RenameIt:68 - 单元格sai0027
2017-12-25 21:29:40,758 DEBUG RenameIt:76 - row.getCell(k)sai0027
2017-12-25 21:29:40,758 DEBUG RenameIt:77 - key
2017-12-25 21:29:40,759 DEBUG RenameIt:76 - row.getCell(k)sai0027
2017-12-25 21:29:40,759 DEBUG RenameIt:77 - keysssss
2017-12-25 21:29:40,759 DEBUG RenameIt:62 - 共几行24
2017-12-25 21:29:40,760 DEBUG RenameIt:68 - 单元格null
2017-12-25 21:29:40,760 DEBUG RenameIt:68 - 单元格null
2017-12-25 21:29:40,760 DEBUG RenameIt:68 - 单元格null
2017-12-25 21:29:40,761 DEBUG RenameIt:68 - 单元格null
2017-12-25 21:29:40,761 DEBUG RenameIt:68 - 单元格null
2017-12-25 21:29:40,762 DEBUG RenameIt:68 - 单元格sai0028
2017-12-25 21:29:40,762 DEBUG RenameIt:76 - row.getCell(k)sai0028
2017-12-25 21:29:40,762 DEBUG RenameIt:77 - key
2017-12-25 21:29:40,762 DEBUG RenameIt:76 - row.getCell(k)sai0028
2017-12-25 21:29:40,763 DEBUG RenameIt:77 - keysssss
2017-12-25 21:29:40,763 DEBUG RenameIt:62 - 共几行24
2017-12-25 21:29:40,763 DEBUG RenameIt:68 - 单元格null
2017-12-25 21:29:40,764 DEBUG RenameIt:68 - 单元格null
2017-12-25 21:29:40,764 DEBUG RenameIt:68 - 单元格null
2017-12-25 21:29:40,765 DEBUG RenameIt:68 - 单元格null
2017-12-25 21:29:40,765 DEBUG RenameIt:68 - 单元格null
2017-12-25 21:29:40,765 DEBUG RenameIt:68 - 单元格sai0029
2017-12-25 21:29:40,766 DEBUG RenameIt:76 - row.getCell(k)sai0029
2017-12-25 21:29:40,766 DEBUG RenameIt:77 - key
2017-12-25 21:29:40,767 DEBUG RenameIt:76 - row.getCell(k)sai0029
2017-12-25 21:29:40,767 DEBUG RenameIt:77 - keysssss
2017-12-25 21:29:40,768 DEBUG RenameIt:46 - 文件:D:\javaworkspace\renamecellsname\src\test\resources\book2.xls
2017-12-25 21:29:40,794 DEBUG RenameIt:117 - 共几行9
2017-12-25 21:29:40,795 DEBUG RenameIt:117 - 共几行9
2017-12-25 21:29:40,795 DEBUG RenameIt:117 - 共几行9
2017-12-25 21:29:40,795 DEBUG RenameIt:117 - 共几行9
2017-12-25 21:29:40,796 DEBUG RenameIt:117 - 共几行9
2017-12-25 21:29:40,796 DEBUG RenameIt:117 - 共几行9
2017-12-25 21:29:40,796 DEBUG RenameIt:124 - 单元格null
2017-12-25 21:29:40,796 DEBUG RenameIt:124 - 单元格null
2017-12-25 21:29:40,797 DEBUG RenameIt:124 - 单元格null
2017-12-25 21:29:40,797 DEBUG RenameIt:124 - 单元格null
2017-12-25 21:29:40,797 DEBUG RenameIt:124 - 单元格sai0024
2017-12-25 21:29:40,798 DEBUG RenameIt:132 - row.getCell(k)sai0024
2017-12-25 21:29:40,798 DEBUG RenameIt:133 - key
2017-12-25 21:29:40,798 DEBUG RenameIt:132 - row.getCell(k)sai0024
2017-12-25 21:29:40,799 DEBUG RenameIt:133 - keysssss
2017-12-25 21:29:40,799 DEBUG RenameIt:117 - 共几行9
2017-12-25 21:29:40,799 DEBUG RenameIt:124 - 单元格null
2017-12-25 21:29:40,800 DEBUG RenameIt:124 - 单元格null
2017-12-25 21:29:40,801 DEBUG RenameIt:124 - 单元格null
2017-12-25 21:29:40,801 DEBUG RenameIt:124 - 单元格null
2017-12-25 21:29:40,802 DEBUG RenameIt:124 - 单元格sssss
2017-12-25 21:29:40,802 DEBUG RenameIt:132 - row.getCell(k)sssss
2017-12-25 21:29:40,802 DEBUG RenameIt:133 - key
2017-12-25 21:29:40,803 DEBUG RenameIt:132 - row.getCell(k)sssss
2017-12-25 21:29:40,803 DEBUG RenameIt:133 - keysssss
2017-12-25 21:29:40,816 DEBUG RenameIt:117 - 共几行9
2017-12-25 21:29:40,816 DEBUG RenameIt:124 - 单元格null
2017-12-25 21:29:40,816 DEBUG RenameIt:124 - 单元格null
2017-12-25 21:29:40,817 DEBUG RenameIt:124 - 单元格null
2017-12-25 21:29:40,817 DEBUG RenameIt:124 - 单元格null
2017-12-25 21:29:40,817 DEBUG RenameIt:124 - 单元格sai0026
2017-12-25 21:29:40,817 DEBUG RenameIt:132 - row.getCell(k)sai0026
2017-12-25 21:29:40,817 DEBUG RenameIt:133 - key
2017-12-25 21:29:40,818 DEBUG RenameIt:132 - row.getCell(k)sai0026
2017-12-25 21:29:40,818 DEBUG RenameIt:133 - keysssss
2017-12-25 21:29:40,818 DEBUG RenameIt:117 - 共几行9
2017-12-25 21:29:40,818 DEBUG RenameIt:124 - 单元格null
2017-12-25 21:29:40,818 DEBUG RenameIt:124 - 单元格null
2017-12-25 21:29:40,819 DEBUG RenameIt:124 - 单元格null
2017-12-25 21:29:40,819 DEBUG RenameIt:124 - 单元格null
2017-12-25 21:29:40,819 DEBUG RenameIt:124 - 单元格sai0027
2017-12-25 21:29:40,819 DEBUG RenameIt:132 - row.getCell(k)sai0027
2017-12-25 21:29:40,819 DEBUG RenameIt:133 - key
2017-12-25 21:29:40,820 DEBUG RenameIt:132 - row.getCell(k)sai0027
2017-12-25 21:29:40,820 DEBUG RenameIt:133 - keysssss
2017-12-25 21:29:40,820 DEBUG RenameIt:117 - 共几行17
2017-12-25 21:29:40,820 DEBUG RenameIt:117 - 共几行17
2017-12-25 21:29:40,821 DEBUG RenameIt:117 - 共几行17
2017-12-25 21:29:40,821 DEBUG RenameIt:117 - 共几行17
2017-12-25 21:29:40,821 DEBUG RenameIt:117 - 共几行17
2017-12-25 21:29:40,822 DEBUG RenameIt:117 - 共几行17
2017-12-25 21:29:40,822 DEBUG RenameIt:117 - 共几行17
2017-12-25 21:29:40,822 DEBUG RenameIt:117 - 共几行17
2017-12-25 21:29:40,822 DEBUG RenameIt:117 - 共几行17
2017-12-25 21:29:40,822 DEBUG RenameIt:117 - 共几行17
2017-12-25 21:29:40,822 DEBUG RenameIt:117 - 共几行17
2017-12-25 21:29:40,823 DEBUG RenameIt:117 - 共几行17
2017-12-25 21:29:40,823 DEBUG RenameIt:117 - 共几行17
2017-12-25 21:29:40,823 DEBUG RenameIt:117 - 共几行17
2017-12-25 21:29:40,823 DEBUG RenameIt:124 - 单元格null
2017-12-25 21:29:40,824 DEBUG RenameIt:124 - 单元格null
2017-12-25 21:29:40,824 DEBUG RenameIt:124 - 单元格null
2017-12-25 21:29:40,824 DEBUG RenameIt:124 - 单元格null
2017-12-25 21:29:40,824 DEBUG RenameIt:124 - 单元格null
2017-12-25 21:29:40,824 DEBUG RenameIt:124 - 单元格sai0024
2017-12-25 21:29:40,825 DEBUG RenameIt:132 - row.getCell(k)sai0024
2017-12-25 21:29:40,825 DEBUG RenameIt:133 - key
2017-12-25 21:29:40,825 DEBUG RenameIt:132 - row.getCell(k)sai0024
2017-12-25 21:29:40,825 DEBUG RenameIt:133 - keysssss
2017-12-25 21:29:40,825 DEBUG RenameIt:117 - 共几行17
2017-12-25 21:29:40,826 DEBUG RenameIt:124 - 单元格null
2017-12-25 21:29:40,826 DEBUG RenameIt:124 - 单元格null
2017-12-25 21:29:40,826 DEBUG RenameIt:124 - 单元格null
2017-12-25 21:29:40,826 DEBUG RenameIt:124 - 单元格null
2017-12-25 21:29:40,826 DEBUG RenameIt:124 - 单元格null
2017-12-25 21:29:40,827 DEBUG RenameIt:124 - 单元格sssss
2017-12-25 21:29:40,827 DEBUG RenameIt:132 - row.getCell(k)sssss
2017-12-25 21:29:40,827 DEBUG RenameIt:133 - key
2017-12-25 21:29:40,827 DEBUG RenameIt:132 - row.getCell(k)sssss
2017-12-25 21:29:40,827 DEBUG RenameIt:133 - keysssss
2017-12-25 21:29:40,834 DEBUG RenameIt:117 - 共几行17
2017-12-25 21:29:40,834 DEBUG RenameIt:124 - 单元格null
2017-12-25 21:29:40,834 DEBUG RenameIt:124 - 单元格null
2017-12-25 21:29:40,835 DEBUG RenameIt:124 - 单元格null
2017-12-25 21:29:40,835 DEBUG RenameIt:124 - 单元格null
2017-12-25 21:29:40,835 DEBUG RenameIt:124 - 单元格null
2017-12-25 21:29:40,835 DEBUG RenameIt:124 - 单元格sai0026
2017-12-25 21:29:40,835 DEBUG RenameIt:132 - row.getCell(k)sai0026
2017-12-25 21:29:40,835 DEBUG RenameIt:133 - key
2017-12-25 21:29:40,836 DEBUG RenameIt:132 - row.getCell(k)sai0026
2017-12-25 21:29:40,836 DEBUG RenameIt:133 - keysssss
2017-12-25 21:29:40,836 DEBUG RenameIt:117 - 共几行17
2017-12-25 21:29:40,836 DEBUG RenameIt:124 - 单元格null
2017-12-25 21:29:40,836 DEBUG RenameIt:124 - 单元格null
2017-12-25 21:29:40,836 DEBUG RenameIt:124 - 单元格null
2017-12-25 21:29:40,837 DEBUG RenameIt:124 - 单元格null
2017-12-25 21:29:40,837 DEBUG RenameIt:124 - 单元格null
2017-12-25 21:29:40,837 DEBUG RenameIt:124 - 单元格sai0027
2017-12-25 21:29:40,837 DEBUG RenameIt:132 - row.getCell(k)sai0027
2017-12-25 21:29:40,838 DEBUG RenameIt:133 - key
2017-12-25 21:29:40,838 DEBUG RenameIt:132 - row.getCell(k)sai0027
2017-12-25 21:29:40,838 DEBUG RenameIt:133 - keysssss
2017-12-25 21:29:40,839 DEBUG RenameIt:117 - 共几行18
2017-12-25 21:29:40,839 DEBUG RenameIt:117 - 共几行18
2017-12-25 21:29:40,839 DEBUG RenameIt:117 - 共几行18
2017-12-25 21:29:40,840 DEBUG RenameIt:117 - 共几行18
2017-12-25 21:29:40,840 DEBUG RenameIt:117 - 共几行18
2017-12-25 21:29:40,841 DEBUG RenameIt:117 - 共几行18
2017-12-25 21:29:40,841 DEBUG RenameIt:117 - 共几行18
2017-12-25 21:29:40,841 DEBUG RenameIt:117 - 共几行18
2017-12-25 21:29:40,842 DEBUG RenameIt:117 - 共几行18
2017-12-25 21:29:40,842 DEBUG RenameIt:117 - 共几行18
2017-12-25 21:29:40,842 DEBUG RenameIt:117 - 共几行18
2017-12-25 21:29:40,843 DEBUG RenameIt:117 - 共几行18
2017-12-25 21:29:40,843 DEBUG RenameIt:117 - 共几行18
2017-12-25 21:29:40,843 DEBUG RenameIt:117 - 共几行18
2017-12-25 21:29:40,843 DEBUG RenameIt:117 - 共几行18
2017-12-25 21:29:40,844 DEBUG RenameIt:124 - 单元格null
2017-12-25 21:29:40,844 DEBUG RenameIt:124 - 单元格null
2017-12-25 21:29:40,844 DEBUG RenameIt:124 - 单元格null
2017-12-25 21:29:40,845 DEBUG RenameIt:124 - 单元格null
2017-12-25 21:29:40,845 DEBUG RenameIt:124 - 单元格null
2017-12-25 21:29:40,845 DEBUG RenameIt:124 - 单元格null
2017-12-25 21:29:40,845 DEBUG RenameIt:124 - 单元格sai0024
2017-12-25 21:29:40,846 DEBUG RenameIt:132 - row.getCell(k)sai0024
2017-12-25 21:29:40,846 DEBUG RenameIt:133 - key
2017-12-25 21:29:40,846 DEBUG RenameIt:132 - row.getCell(k)sai0024
2017-12-25 21:29:40,847 DEBUG RenameIt:133 - keysssss
2017-12-25 21:29:40,847 DEBUG RenameIt:117 - 共几行18
2017-12-25 21:29:40,847 DEBUG RenameIt:124 - 单元格null
2017-12-25 21:29:40,847 DEBUG RenameIt:124 - 单元格null
2017-12-25 21:29:40,848 DEBUG RenameIt:124 - 单元格null
2017-12-25 21:29:40,848 DEBUG RenameIt:124 - 单元格null
2017-12-25 21:29:40,848 DEBUG RenameIt:124 - 单元格null
2017-12-25 21:29:40,848 DEBUG RenameIt:124 - 单元格null
2017-12-25 21:29:40,849 DEBUG RenameIt:124 - 单元格sssss
2017-12-25 21:29:40,849 DEBUG RenameIt:132 - row.getCell(k)sssss
2017-12-25 21:29:40,849 DEBUG RenameIt:133 - key
2017-12-25 21:29:40,850 DEBUG RenameIt:132 - row.getCell(k)sssss
2017-12-25 21:29:40,850 DEBUG RenameIt:133 - keysssss
2017-12-25 21:29:40,860 DEBUG RenameIt:117 - 共几行18
2017-12-25 21:29:40,861 DEBUG RenameIt:124 - 单元格null
2017-12-25 21:29:40,861 DEBUG RenameIt:124 - 单元格null
2017-12-25 21:29:40,861 DEBUG RenameIt:124 - 单元格null
2017-12-25 21:29:40,861 DEBUG RenameIt:124 - 单元格null
2017-12-25 21:29:40,862 DEBUG RenameIt:124 - 单元格null
2017-12-25 21:29:40,862 DEBUG RenameIt:124 - 单元格null
2017-12-25 21:29:40,862 DEBUG RenameIt:124 - 单元格sai0026
2017-12-25 21:29:40,863 DEBUG RenameIt:132 - row.getCell(k)sai0026
2017-12-25 21:29:40,863 DEBUG RenameIt:133 - key
2017-12-25 21:29:40,863 DEBUG RenameIt:132 - row.getCell(k)sai0026
2017-12-25 21:29:40,863 DEBUG RenameIt:133 - keysssss
2017-12-25 21:29:40,864 DEBUG RenameIt:117 - 共几行18
2017-12-25 21:29:40,864 DEBUG RenameIt:124 - 单元格null
2017-12-25 21:29:40,864 DEBUG RenameIt:124 - 单元格null
2017-12-25 21:29:40,864 DEBUG RenameIt:124 - 单元格null
2017-12-25 21:29:40,865 DEBUG RenameIt:124 - 单元格null
2017-12-25 21:29:40,865 DEBUG RenameIt:124 - 单元格null
2017-12-25 21:29:40,865 DEBUG RenameIt:124 - 单元格null
2017-12-25 21:29:40,865 DEBUG RenameIt:124 - 单元格sai0027
2017-12-25 21:29:40,865 DEBUG RenameIt:132 - row.getCell(k)sai0027
2017-12-25 21:29:40,866 DEBUG RenameIt:133 - key
2017-12-25 21:29:40,866 DEBUG RenameIt:132 - row.getCell(k)sai0027
2017-12-25 21:29:40,866 DEBUG RenameIt:133 - keysssss
2017-12-25 21:29:40,878 DEBUG RenameIt:46 - 文件:D:\javaworkspace\renamecellsname\src\test\resources\book2.xlsx
2017-12-25 21:29:40,954 DEBUG RenameIt:62 - 共几行24
2017-12-25 21:29:40,954 DEBUG RenameIt:62 - 共几行24
2017-12-25 21:29:40,955 DEBUG RenameIt:62 - 共几行24
2017-12-25 21:29:40,955 DEBUG RenameIt:62 - 共几行24
2017-12-25 21:29:40,955 DEBUG RenameIt:62 - 共几行24
2017-12-25 21:29:40,956 DEBUG RenameIt:62 - 共几行24
2017-12-25 21:29:40,956 DEBUG RenameIt:62 - 共几行24
2017-12-25 21:29:40,956 DEBUG RenameIt:62 - 共几行24
2017-12-25 21:29:40,956 DEBUG RenameIt:62 - 共几行24
2017-12-25 21:29:40,957 DEBUG RenameIt:62 - 共几行24
2017-12-25 21:29:40,957 DEBUG RenameIt:62 - 共几行24
2017-12-25 21:29:40,957 DEBUG RenameIt:62 - 共几行24
2017-12-25 21:29:40,957 DEBUG RenameIt:62 - 共几行24
2017-12-25 21:29:40,958 DEBUG RenameIt:62 - 共几行24
2017-12-25 21:29:40,958 DEBUG RenameIt:62 - 共几行24
2017-12-25 21:29:40,958 DEBUG RenameIt:68 - 单元格null
2017-12-25 21:29:40,959 DEBUG RenameIt:68 - 单元格null
2017-12-25 21:29:40,959 DEBUG RenameIt:68 - 单元格null
2017-12-25 21:29:40,959 DEBUG RenameIt:68 - 单元格null
2017-12-25 21:29:40,960 DEBUG RenameIt:68 - 单元格null
2017-12-25 21:29:40,960 DEBUG RenameIt:68 - 单元格sai0020
2017-12-25 21:29:40,961 DEBUG RenameIt:76 - row.getCell(k)sai0020
2017-12-25 21:29:40,961 DEBUG RenameIt:77 - key
2017-12-25 21:29:40,961 DEBUG RenameIt:76 - row.getCell(k)sai0020
2017-12-25 21:29:40,962 DEBUG RenameIt:77 - keysssss
2017-12-25 21:29:40,962 DEBUG RenameIt:62 - 共几行24
2017-12-25 21:29:40,962 DEBUG RenameIt:68 - 单元格null
2017-12-25 21:29:40,962 DEBUG RenameIt:68 - 单元格null
2017-12-25 21:29:40,963 DEBUG RenameIt:68 - 单元格null
2017-12-25 21:29:40,963 DEBUG RenameIt:68 - 单元格null
2017-12-25 21:29:40,963 DEBUG RenameIt:68 - 单元格null
2017-12-25 21:29:40,964 DEBUG RenameIt:68 - 单元格sai0021
2017-12-25 21:29:40,964 DEBUG RenameIt:76 - row.getCell(k)sai0021
2017-12-25 21:29:40,964 DEBUG RenameIt:77 - key
2017-12-25 21:29:40,965 DEBUG RenameIt:76 - row.getCell(k)sai0021
2017-12-25 21:29:40,965 DEBUG RenameIt:77 - keysssss
2017-12-25 21:29:40,965 DEBUG RenameIt:62 - 共几行24
2017-12-25 21:29:40,966 DEBUG RenameIt:68 - 单元格null
2017-12-25 21:29:40,966 DEBUG RenameIt:68 - 单元格null
2017-12-25 21:29:40,966 DEBUG RenameIt:68 - 单元格null
2017-12-25 21:29:40,966 DEBUG RenameIt:68 - 单元格null
2017-12-25 21:29:40,967 DEBUG RenameIt:68 - 单元格null
2017-12-25 21:29:40,967 DEBUG RenameIt:68 - 单元格sai0022
2017-12-25 21:29:40,967 DEBUG RenameIt:76 - row.getCell(k)sai0022
2017-12-25 21:29:40,968 DEBUG RenameIt:77 - key
2017-12-25 21:29:40,968 DEBUG RenameIt:76 - row.getCell(k)sai0022
2017-12-25 21:29:40,969 DEBUG RenameIt:77 - keysssss
2017-12-25 21:29:40,969 DEBUG RenameIt:62 - 共几行24
2017-12-25 21:29:40,969 DEBUG RenameIt:68 - 单元格null
2017-12-25 21:29:40,970 DEBUG RenameIt:68 - 单元格null
2017-12-25 21:29:40,970 DEBUG RenameIt:68 - 单元格null
2017-12-25 21:29:40,971 DEBUG RenameIt:68 - 单元格null
2017-12-25 21:29:40,971 DEBUG RenameIt:68 - 单元格null
2017-12-25 21:29:40,971 DEBUG RenameIt:68 - 单元格sai0023
2017-12-25 21:29:40,972 DEBUG RenameIt:76 - row.getCell(k)sai0023
2017-12-25 21:29:40,972 DEBUG RenameIt:77 - key
2017-12-25 21:29:40,972 DEBUG RenameIt:76 - row.getCell(k)sai0023
2017-12-25 21:29:40,973 DEBUG RenameIt:77 - keysssss
2017-12-25 21:29:40,973 DEBUG RenameIt:62 - 共几行24
2017-12-25 21:29:40,973 DEBUG RenameIt:68 - 单元格null
2017-12-25 21:29:40,974 DEBUG RenameIt:68 - 单元格null
2017-12-25 21:29:40,974 DEBUG RenameIt:68 - 单元格null
2017-12-25 21:29:40,974 DEBUG RenameIt:68 - 单元格null
2017-12-25 21:29:40,974 DEBUG RenameIt:68 - 单元格null
2017-12-25 21:29:40,975 DEBUG RenameIt:68 - 单元格sai0024
2017-12-25 21:29:40,975 DEBUG RenameIt:76 - row.getCell(k)sai0024
2017-12-25 21:29:40,976 DEBUG RenameIt:77 - key
2017-12-25 21:29:40,976 DEBUG RenameIt:76 - row.getCell(k)sai0024
2017-12-25 21:29:40,976 DEBUG RenameIt:77 - keysssss
2017-12-25 21:29:40,977 DEBUG RenameIt:62 - 共几行24
2017-12-25 21:29:40,977 DEBUG RenameIt:68 - 单元格null
2017-12-25 21:29:41,009 DEBUG RenameIt:68 - 单元格null
2017-12-25 21:29:41,009 DEBUG RenameIt:68 - 单元格null
2017-12-25 21:29:41,009 DEBUG RenameIt:68 - 单元格null
2017-12-25 21:29:41,010 DEBUG RenameIt:68 - 单元格null
2017-12-25 21:29:41,011 DEBUG RenameIt:68 - 单元格GG
2017-12-25 21:29:41,012 DEBUG RenameIt:76 - row.getCell(k)GG
2017-12-25 21:29:41,012 DEBUG RenameIt:77 - key
2017-12-25 21:29:41,012 DEBUG RenameIt:76 - row.getCell(k)GG
2017-12-25 21:29:41,012 DEBUG RenameIt:77 - keysssss
2017-12-25 21:29:41,013 DEBUG RenameIt:62 - 共几行24
2017-12-25 21:29:41,013 DEBUG RenameIt:68 - 单元格null
2017-12-25 21:29:41,013 DEBUG RenameIt:68 - 单元格null
2017-12-25 21:29:41,014 DEBUG RenameIt:68 - 单元格null
2017-12-25 21:29:41,014 DEBUG RenameIt:68 - 单元格null
2017-12-25 21:29:41,014 DEBUG RenameIt:68 - 单元格null
2017-12-25 21:29:41,015 DEBUG RenameIt:68 - 单元格sai0026
2017-12-25 21:29:41,015 DEBUG RenameIt:76 - row.getCell(k)sai0026
2017-12-25 21:29:41,015 DEBUG RenameIt:77 - key
2017-12-25 21:29:41,016 DEBUG RenameIt:76 - row.getCell(k)sai0026
2017-12-25 21:29:41,016 DEBUG RenameIt:77 - keysssss
2017-12-25 21:29:41,016 DEBUG RenameIt:62 - 共几行24
2017-12-25 21:29:41,016 DEBUG RenameIt:68 - 单元格null
2017-12-25 21:29:41,017 DEBUG RenameIt:68 - 单元格null
2017-12-25 21:29:41,017 DEBUG RenameIt:68 - 单元格null
2017-12-25 21:29:41,017 DEBUG RenameIt:68 - 单元格null
2017-12-25 21:29:41,017 DEBUG RenameIt:68 - 单元格null
2017-12-25 21:29:41,018 DEBUG RenameIt:68 - 单元格sai0027
2017-12-25 21:29:41,019 DEBUG RenameIt:76 - row.getCell(k)sai0027
2017-12-25 21:29:41,020 DEBUG RenameIt:77 - key
2017-12-25 21:29:41,020 DEBUG RenameIt:76 - row.getCell(k)sai0027
2017-12-25 21:29:41,020 DEBUG RenameIt:77 - keysssss
2017-12-25 21:29:41,021 DEBUG RenameIt:62 - 共几行24
2017-12-25 21:29:41,021 DEBUG RenameIt:68 - 单元格null
2017-12-25 21:29:41,021 DEBUG RenameIt:68 - 单元格null
2017-12-25 21:29:41,022 DEBUG RenameIt:68 - 单元格null
2017-12-25 21:29:41,022 DEBUG RenameIt:68 - 单元格null
2017-12-25 21:29:41,022 DEBUG RenameIt:68 - 单元格null
2017-12-25 21:29:41,023 DEBUG RenameIt:68 - 单元格sai0028
2017-12-25 21:29:41,023 DEBUG RenameIt:76 - row.getCell(k)sai0028
2017-12-25 21:29:41,024 DEBUG RenameIt:77 - key
2017-12-25 21:29:41,025 DEBUG RenameIt:76 - row.getCell(k)sai0028
2017-12-25 21:29:41,026 DEBUG RenameIt:77 - keysssss
2017-12-25 21:29:41,026 DEBUG RenameIt:62 - 共几行24
2017-12-25 21:29:41,026 DEBUG RenameIt:68 - 单元格null
2017-12-25 21:29:41,027 DEBUG RenameIt:68 - 单元格null
2017-12-25 21:29:41,027 DEBUG RenameIt:68 - 单元格null
2017-12-25 21:29:41,027 DEBUG RenameIt:68 - 单元格null
2017-12-25 21:29:41,028 DEBUG RenameIt:68 - 单元格null
2017-12-25 21:29:41,028 DEBUG RenameIt:68 - 单元格sai0029
2017-12-25 21:29:41,028 DEBUG RenameIt:76 - row.getCell(k)sai0029
2017-12-25 21:29:41,029 DEBUG RenameIt:77 - key
2017-12-25 21:29:41,029 DEBUG RenameIt:76 - row.getCell(k)sai0029
2017-12-25 21:29:41,029 DEBUG RenameIt:77 - keysssss
2017-12-25 21:29:41,030 DEBUG RenameIt:46 - 文件:D:\javaworkspace\renamecellsname\src\test\resources\book3.xls
2017-12-25 21:29:41,037 DEBUG RenameIt:117 - 共几行22
2017-12-25 21:29:41,038 DEBUG RenameIt:117 - 共几行22
2017-12-25 21:29:41,038 DEBUG RenameIt:117 - 共几行22
2017-12-25 21:29:41,038 DEBUG RenameIt:117 - 共几行22
2017-12-25 21:29:41,039 DEBUG RenameIt:117 - 共几行22
2017-12-25 21:29:41,039 DEBUG RenameIt:117 - 共几行22
2017-12-25 21:29:41,039 DEBUG RenameIt:117 - 共几行22
2017-12-25 21:29:41,040 DEBUG RenameIt:117 - 共几行22
2017-12-25 21:29:41,040 DEBUG RenameIt:117 - 共几行22
2017-12-25 21:29:41,040 DEBUG RenameIt:117 - 共几行22
2017-12-25 21:29:41,040 DEBUG RenameIt:117 - 共几行22
2017-12-25 21:29:41,041 DEBUG RenameIt:117 - 共几行22
2017-12-25 21:29:41,041 DEBUG RenameIt:117 - 共几行22
2017-12-25 21:29:41,041 DEBUG RenameIt:117 - 共几行22
2017-12-25 21:29:41,042 DEBUG RenameIt:117 - 共几行22
2017-12-25 21:29:41,042 DEBUG RenameIt:117 - 共几行22
2017-12-25 21:29:41,050 DEBUG RenameIt:124 - 单元格null
2017-12-25 21:29:41,050 DEBUG RenameIt:124 - 单元格null
2017-12-25 21:29:41,051 DEBUG RenameIt:124 - 单元格null
2017-12-25 21:29:41,051 DEBUG RenameIt:124 - 单元格null
2017-12-25 21:29:41,051 DEBUG RenameIt:124 - 单元格sai0022
2017-12-25 21:29:41,051 DEBUG RenameIt:132 - row.getCell(k)sai0022
2017-12-25 21:29:41,052 DEBUG RenameIt:133 - key
2017-12-25 21:29:41,052 DEBUG RenameIt:132 - row.getCell(k)sai0022
2017-12-25 21:29:41,052 DEBUG RenameIt:133 - keysssss
2017-12-25 21:29:41,053 DEBUG RenameIt:117 - 共几行22
2017-12-25 21:29:41,053 DEBUG RenameIt:124 - 单元格null
2017-12-25 21:29:41,053 DEBUG RenameIt:124 - 单元格null
2017-12-25 21:29:41,054 DEBUG RenameIt:124 - 单元格null
2017-12-25 21:29:41,054 DEBUG RenameIt:124 - 单元格null
2017-12-25 21:29:41,054 DEBUG RenameIt:124 - 单元格sai0023
2017-12-25 21:29:41,054 DEBUG RenameIt:132 - row.getCell(k)sai0023
2017-12-25 21:29:41,055 DEBUG RenameIt:133 - key
2017-12-25 21:29:41,055 DEBUG RenameIt:132 - row.getCell(k)sai0023
2017-12-25 21:29:41,055 DEBUG RenameIt:133 - keysssss
2017-12-25 21:29:41,056 DEBUG RenameIt:117 - 共几行22
2017-12-25 21:29:41,056 DEBUG RenameIt:124 - 单元格null
2017-12-25 21:29:41,056 DEBUG RenameIt:124 - 单元格null
2017-12-25 21:29:41,057 DEBUG RenameIt:124 - 单元格null
2017-12-25 21:29:41,057 DEBUG RenameIt:124 - 单元格null
2017-12-25 21:29:41,058 DEBUG RenameIt:124 - 单元格sai0024
2017-12-25 21:29:41,059 DEBUG RenameIt:132 - row.getCell(k)sai0024
2017-12-25 21:29:41,059 DEBUG RenameIt:133 - key
2017-12-25 21:29:41,060 DEBUG RenameIt:132 - row.getCell(k)sai0024
2017-12-25 21:29:41,060 DEBUG RenameIt:133 - keysssss
2017-12-25 21:29:41,061 DEBUG RenameIt:117 - 共几行22
2017-12-25 21:29:41,061 DEBUG RenameIt:124 - 单元格null
2017-12-25 21:29:41,061 DEBUG RenameIt:124 - 单元格null
2017-12-25 21:29:41,061 DEBUG RenameIt:124 - 单元格null
2017-12-25 21:29:41,062 DEBUG RenameIt:124 - 单元格null
2017-12-25 21:29:41,062 DEBUG RenameIt:124 - 单元格sssss
2017-12-25 21:29:41,062 DEBUG RenameIt:132 - row.getCell(k)sssss
2017-12-25 21:29:41,063 DEBUG RenameIt:133 - key
2017-12-25 21:29:41,063 DEBUG RenameIt:132 - row.getCell(k)sssss
2017-12-25 21:29:41,063 DEBUG RenameIt:133 - keysssss
2017-12-25 21:29:41,076 DEBUG RenameIt:117 - 共几行22
2017-12-25 21:29:41,077 DEBUG RenameIt:124 - 单元格null
2017-12-25 21:29:41,077 DEBUG RenameIt:124 - 单元格null
2017-12-25 21:29:41,077 DEBUG RenameIt:124 - 单元格null
2017-12-25 21:29:41,078 DEBUG RenameIt:124 - 单元格null
2017-12-25 21:29:41,078 DEBUG RenameIt:124 - 单元格sai0026
2017-12-25 21:29:41,078 DEBUG RenameIt:132 - row.getCell(k)sai0026
2017-12-25 21:29:41,079 DEBUG RenameIt:133 - key
2017-12-25 21:29:41,079 DEBUG RenameIt:132 - row.getCell(k)sai0026
2017-12-25 21:29:41,079 DEBUG RenameIt:133 - keysssss
2017-12-25 21:29:41,080 DEBUG RenameIt:117 - 共几行22
2017-12-25 21:29:41,080 DEBUG RenameIt:124 - 单元格null
2017-12-25 21:29:41,080 DEBUG RenameIt:124 - 单元格null
2017-12-25 21:29:41,080 DEBUG RenameIt:124 - 单元格null
2017-12-25 21:29:41,081 DEBUG RenameIt:124 - 单元格null
2017-12-25 21:29:41,081 DEBUG RenameIt:124 - 单元格sai0027
2017-12-25 21:29:41,081 DEBUG RenameIt:132 - row.getCell(k)sai0027
2017-12-25 21:29:41,082 DEBUG RenameIt:133 - key
2017-12-25 21:29:41,082 DEBUG RenameIt:132 - row.getCell(k)sai0027
2017-12-25 21:29:41,082 DEBUG RenameIt:133 - keysssss
2017-12-25 21:29:41,083 DEBUG RenameIt:117 - 共几行22
2017-12-25 21:29:41,083 DEBUG RenameIt:124 - 单元格null
2017-12-25 21:29:41,083 DEBUG RenameIt:124 - 单元格null
2017-12-25 21:29:41,084 DEBUG RenameIt:124 - 单元格null
2017-12-25 21:29:41,084 DEBUG RenameIt:124 - 单元格null
2017-12-25 21:29:41,084 DEBUG RenameIt:124 - 单元格sai0028
2017-12-25 21:29:41,084 DEBUG RenameIt:132 - row.getCell(k)sai0028
2017-12-25 21:29:41,085 DEBUG RenameIt:133 - key
2017-12-25 21:29:41,085 DEBUG RenameIt:132 - row.getCell(k)sai0028
2017-12-25 21:29:41,085 DEBUG RenameIt:133 - keysssss
2017-12-25 21:29:41,086 DEBUG RenameIt:117 - 共几行23
2017-12-25 21:29:41,086 DEBUG RenameIt:117 - 共几行23
2017-12-25 21:29:41,086 DEBUG RenameIt:117 - 共几行23
2017-12-25 21:29:41,087 DEBUG RenameIt:117 - 共几行23
2017-12-25 21:29:41,087 DEBUG RenameIt:117 - 共几行23
2017-12-25 21:29:41,087 DEBUG RenameIt:117 - 共几行23
2017-12-25 21:29:41,087 DEBUG RenameIt:117 - 共几行23
2017-12-25 21:29:41,088 DEBUG RenameIt:117 - 共几行23
2017-12-25 21:29:41,088 DEBUG RenameIt:117 - 共几行23
2017-12-25 21:29:41,088 DEBUG RenameIt:117 - 共几行23
2017-12-25 21:29:41,088 DEBUG RenameIt:117 - 共几行23
2017-12-25 21:29:41,089 DEBUG RenameIt:117 - 共几行23
2017-12-25 21:29:41,089 DEBUG RenameIt:117 - 共几行23
2017-12-25 21:29:41,089 DEBUG RenameIt:117 - 共几行23
2017-12-25 21:29:41,090 DEBUG RenameIt:117 - 共几行23
2017-12-25 21:29:41,090 DEBUG RenameIt:117 - 共几行23
2017-12-25 21:29:41,090 DEBUG RenameIt:117 - 共几行23
2017-12-25 21:29:41,091 DEBUG RenameIt:124 - 单元格null
2017-12-25 21:29:41,091 DEBUG RenameIt:124 - 单元格null
2017-12-25 21:29:41,092 DEBUG RenameIt:124 - 单元格null
2017-12-25 21:29:41,092 DEBUG RenameIt:124 - 单元格sai0022
2017-12-25 21:29:41,093 DEBUG RenameIt:132 - row.getCell(k)sai0022
2017-12-25 21:29:41,093 DEBUG RenameIt:133 - key
2017-12-25 21:29:41,093 DEBUG RenameIt:132 - row.getCell(k)sai0022
2017-12-25 21:29:41,094 DEBUG RenameIt:133 - keysssss
2017-12-25 21:29:41,094 DEBUG RenameIt:117 - 共几行23
2017-12-25 21:29:41,094 DEBUG RenameIt:124 - 单元格null
2017-12-25 21:29:41,095 DEBUG RenameIt:124 - 单元格null
2017-12-25 21:29:41,095 DEBUG RenameIt:124 - 单元格null
2017-12-25 21:29:41,095 DEBUG RenameIt:124 - 单元格sai0023
2017-12-25 21:29:41,096 DEBUG RenameIt:132 - row.getCell(k)sai0023
2017-12-25 21:29:41,096 DEBUG RenameIt:133 - key
2017-12-25 21:29:41,096 DEBUG RenameIt:132 - row.getCell(k)sai0023
2017-12-25 21:29:41,097 DEBUG RenameIt:133 - keysssss
2017-12-25 21:29:41,097 DEBUG RenameIt:117 - 共几行23
2017-12-25 21:29:41,097 DEBUG RenameIt:124 - 单元格null
2017-12-25 21:29:41,097 DEBUG RenameIt:124 - 单元格null
2017-12-25 21:29:41,098 DEBUG RenameIt:124 - 单元格null
2017-12-25 21:29:41,098 DEBUG RenameIt:124 - 单元格sai0024
2017-12-25 21:29:41,098 DEBUG RenameIt:132 - row.getCell(k)sai0024
2017-12-25 21:29:41,099 DEBUG RenameIt:133 - key
2017-12-25 21:29:41,099 DEBUG RenameIt:132 - row.getCell(k)sai0024
2017-12-25 21:29:41,099 DEBUG RenameIt:133 - keysssss
2017-12-25 21:29:41,100 DEBUG RenameIt:117 - 共几行23
2017-12-25 21:29:41,100 DEBUG RenameIt:124 - 单元格null
2017-12-25 21:29:41,100 DEBUG RenameIt:124 - 单元格null
2017-12-25 21:29:41,101 DEBUG RenameIt:124 - 单元格null
2017-12-25 21:29:41,101 DEBUG RenameIt:124 - 单元格sssss
2017-12-25 21:29:41,101 DEBUG RenameIt:132 - row.getCell(k)sssss
2017-12-25 21:29:41,101 DEBUG RenameIt:133 - key
2017-12-25 21:29:41,102 DEBUG RenameIt:132 - row.getCell(k)sssss
2017-12-25 21:29:41,102 DEBUG RenameIt:133 - keysssss
2017-12-25 21:29:41,113 DEBUG RenameIt:117 - 共几行23
2017-12-25 21:29:41,113 DEBUG RenameIt:124 - 单元格null
2017-12-25 21:29:41,113 DEBUG RenameIt:124 - 单元格null
2017-12-25 21:29:41,114 DEBUG RenameIt:124 - 单元格null
2017-12-25 21:29:41,114 DEBUG RenameIt:124 - 单元格sai0026
2017-12-25 21:29:41,114 DEBUG RenameIt:132 - row.getCell(k)sai0026
2017-12-25 21:29:41,114 DEBUG RenameIt:133 - key
2017-12-25 21:29:41,115 DEBUG RenameIt:132 - row.getCell(k)sai0026
2017-12-25 21:29:41,115 DEBUG RenameIt:133 - keysssss
2017-12-25 21:29:41,115 DEBUG RenameIt:117 - 共几行23
2017-12-25 21:29:41,116 DEBUG RenameIt:124 - 单元格null
2017-12-25 21:29:41,116 DEBUG RenameIt:124 - 单元格null
2017-12-25 21:29:41,116 DEBUG RenameIt:124 - 单元格null
2017-12-25 21:29:41,116 DEBUG RenameIt:124 - 单元格sai0027
2017-12-25 21:29:41,117 DEBUG RenameIt:132 - row.getCell(k)sai0027
2017-12-25 21:29:41,117 DEBUG RenameIt:133 - key
2017-12-25 21:29:41,117 DEBUG RenameIt:132 - row.getCell(k)sai0027
2017-12-25 21:29:41,117 DEBUG RenameIt:133 - keysssss
2017-12-25 21:29:41,118 DEBUG RenameIt:117 - 共几行23
2017-12-25 21:29:41,118 DEBUG RenameIt:124 - 单元格null
2017-12-25 21:29:41,118 DEBUG RenameIt:124 - 单元格null
2017-12-25 21:29:41,118 DEBUG RenameIt:124 - 单元格null
2017-12-25 21:29:41,119 DEBUG RenameIt:124 - 单元格sai0028
2017-12-25 21:29:41,119 DEBUG RenameIt:132 - row.getCell(k)sai0028
2017-12-25 21:29:41,119 DEBUG RenameIt:133 - key
2017-12-25 21:29:41,119 DEBUG RenameIt:132 - row.getCell(k)sai0028
2017-12-25 21:29:41,120 DEBUG RenameIt:133 - keysssss
2017-12-25 21:29:41,120 DEBUG RenameIt:117 - 共几行20
2017-12-25 21:29:41,120 DEBUG RenameIt:117 - 共几行20
2017-12-25 21:29:41,121 DEBUG RenameIt:117 - 共几行20
2017-12-25 21:29:41,121 DEBUG RenameIt:117 - 共几行20
2017-12-25 21:29:41,121 DEBUG RenameIt:117 - 共几行20
2017-12-25 21:29:41,121 DEBUG RenameIt:117 - 共几行20
2017-12-25 21:29:41,122 DEBUG RenameIt:117 - 共几行20
2017-12-25 21:29:41,122 DEBUG RenameIt:117 - 共几行20
2017-12-25 21:29:41,122 DEBUG RenameIt:117 - 共几行20
2017-12-25 21:29:41,122 DEBUG RenameIt:117 - 共几行20
2017-12-25 21:29:41,123 DEBUG RenameIt:117 - 共几行20
2017-12-25 21:29:41,123 DEBUG RenameIt:117 - 共几行20
2017-12-25 21:29:41,123 DEBUG RenameIt:117 - 共几行20
2017-12-25 21:29:41,123 DEBUG RenameIt:117 - 共几行20
2017-12-25 21:29:41,124 DEBUG RenameIt:124 - 单元格null
2017-12-25 21:29:41,124 DEBUG RenameIt:124 - 单元格null
2017-12-25 21:29:41,124 DEBUG RenameIt:124 - 单元格null
2017-12-25 21:29:41,124 DEBUG RenameIt:124 - 单元格null
2017-12-25 21:29:41,125 DEBUG RenameIt:124 - 单元格null
2017-12-25 21:29:41,125 DEBUG RenameIt:124 - 单元格sai0022
2017-12-25 21:29:41,125 DEBUG RenameIt:132 - row.getCell(k)sai0022
2017-12-25 21:29:41,126 DEBUG RenameIt:133 - key
2017-12-25 21:29:41,126 DEBUG RenameIt:132 - row.getCell(k)sai0022
2017-12-25 21:29:41,126 DEBUG RenameIt:133 - keysssss
2017-12-25 21:29:41,127 DEBUG RenameIt:117 - 共几行20
2017-12-25 21:29:41,127 DEBUG RenameIt:124 - 单元格null
2017-12-25 21:29:41,127 DEBUG RenameIt:124 - 单元格null
2017-12-25 21:29:41,127 DEBUG RenameIt:124 - 单元格null
2017-12-25 21:29:41,128 DEBUG RenameIt:124 - 单元格null
2017-12-25 21:29:41,128 DEBUG RenameIt:124 - 单元格null
2017-12-25 21:29:41,128 DEBUG RenameIt:124 - 单元格sai0023
2017-12-25 21:29:41,128 DEBUG RenameIt:132 - row.getCell(k)sai0023
2017-12-25 21:29:41,129 DEBUG RenameIt:133 - key
2017-12-25 21:29:41,129 DEBUG RenameIt:132 - row.getCell(k)sai0023
2017-12-25 21:29:41,129 DEBUG RenameIt:133 - keysssss
2017-12-25 21:29:41,129 DEBUG RenameIt:117 - 共几行20
2017-12-25 21:29:41,130 DEBUG RenameIt:124 - 单元格null
2017-12-25 21:29:41,130 DEBUG RenameIt:124 - 单元格null
2017-12-25 21:29:41,130 DEBUG RenameIt:124 - 单元格null
2017-12-25 21:29:41,130 DEBUG RenameIt:124 - 单元格null
2017-12-25 21:29:41,131 DEBUG RenameIt:124 - 单元格null
2017-12-25 21:29:41,131 DEBUG RenameIt:124 - 单元格sai0024
2017-12-25 21:29:41,131 DEBUG RenameIt:132 - row.getCell(k)sai0024
2017-12-25 21:29:41,132 DEBUG RenameIt:133 - key
2017-12-25 21:29:41,132 DEBUG RenameIt:132 - row.getCell(k)sai0024
2017-12-25 21:29:41,132 DEBUG RenameIt:133 - keysssss
2017-12-25 21:29:41,132 DEBUG RenameIt:117 - 共几行20
2017-12-25 21:29:41,133 DEBUG RenameIt:124 - 单元格null
2017-12-25 21:29:41,133 DEBUG RenameIt:124 - 单元格null
2017-12-25 21:29:41,133 DEBUG RenameIt:124 - 单元格null
2017-12-25 21:29:41,133 DEBUG RenameIt:124 - 单元格null
2017-12-25 21:29:41,134 DEBUG RenameIt:124 - 单元格null
2017-12-25 21:29:41,134 DEBUG RenameIt:124 - 单元格sssss
2017-12-25 21:29:41,134 DEBUG RenameIt:132 - row.getCell(k)sssss
2017-12-25 21:29:41,134 DEBUG RenameIt:133 - key
2017-12-25 21:29:41,135 DEBUG RenameIt:132 - row.getCell(k)sssss
2017-12-25 21:29:41,135 DEBUG RenameIt:133 - keysssss
2017-12-25 21:29:41,143 DEBUG RenameIt:117 - 共几行20
2017-12-25 21:29:41,144 DEBUG RenameIt:124 - 单元格null
2017-12-25 21:29:41,144 DEBUG RenameIt:124 - 单元格null
2017-12-25 21:29:41,145 DEBUG RenameIt:124 - 单元格null
2017-12-25 21:29:41,145 DEBUG RenameIt:124 - 单元格null
2017-12-25 21:29:41,145 DEBUG RenameIt:124 - 单元格null
2017-12-25 21:29:41,145 DEBUG RenameIt:124 - 单元格sai0026
2017-12-25 21:29:41,146 DEBUG RenameIt:132 - row.getCell(k)sai0026
2017-12-25 21:29:41,146 DEBUG RenameIt:133 - key
2017-12-25 21:29:41,146 DEBUG RenameIt:132 - row.getCell(k)sai0026
2017-12-25 21:29:41,147 DEBUG RenameIt:133 - keysssss
2017-12-25 21:29:41,147 DEBUG RenameIt:117 - 共几行20
2017-12-25 21:29:41,147 DEBUG RenameIt:124 - 单元格null
2017-12-25 21:29:41,148 DEBUG RenameIt:124 - 单元格null
2017-12-25 21:29:41,148 DEBUG RenameIt:124 - 单元格null
2017-12-25 21:29:41,148 DEBUG RenameIt:124 - 单元格null
2017-12-25 21:29:41,149 DEBUG RenameIt:124 - 单元格null
2017-12-25 21:29:41,149 DEBUG RenameIt:124 - 单元格sai0027
2017-12-25 21:29:41,149 DEBUG RenameIt:132 - row.getCell(k)sai0027
2017-12-25 21:29:41,149 DEBUG RenameIt:133 - key
2017-12-25 21:29:41,150 DEBUG RenameIt:132 - row.getCell(k)sai0027
2017-12-25 21:29:41,150 DEBUG RenameIt:133 - keysssss
2017-12-25 21:29:41,150 DEBUG RenameIt:117 - 共几行20
2017-12-25 21:29:41,150 DEBUG RenameIt:124 - 单元格null
2017-12-25 21:29:41,151 DEBUG RenameIt:124 - 单元格null
2017-12-25 21:29:41,151 DEBUG RenameIt:124 - 单元格null
2017-12-25 21:29:41,154 DEBUG RenameIt:124 - 单元格null
2017-12-25 21:29:41,154 DEBUG RenameIt:124 - 单元格null
2017-12-25 21:29:41,154 DEBUG RenameIt:124 - 单元格sai0028
2017-12-25 21:29:41,154 DEBUG RenameIt:132 - row.getCell(k)sai0028
2017-12-25 21:29:41,155 DEBUG RenameIt:133 - key
2017-12-25 21:29:41,155 DEBUG RenameIt:132 - row.getCell(k)sai0028
2017-12-25 21:29:41,155 DEBUG RenameIt:133 - keysssss
2017-12-25 21:29:41,156 DEBUG RenameIt:46 - 文件:D:\javaworkspace\renamecellsname\src\test\resources\book3.xlsx
2017-12-25 21:29:41,227 DEBUG RenameIt:62 - 共几行24
2017-12-25 21:29:41,227 DEBUG RenameIt:62 - 共几行24
2017-12-25 21:29:41,228 DEBUG RenameIt:62 - 共几行24
2017-12-25 21:29:41,228 DEBUG RenameIt:62 - 共几行24
2017-12-25 21:29:41,228 DEBUG RenameIt:62 - 共几行24
2017-12-25 21:29:41,229 DEBUG RenameIt:62 - 共几行24
2017-12-25 21:29:41,229 DEBUG RenameIt:62 - 共几行24
2017-12-25 21:29:41,229 DEBUG RenameIt:62 - 共几行24
2017-12-25 21:29:41,229 DEBUG RenameIt:62 - 共几行24
2017-12-25 21:29:41,230 DEBUG RenameIt:62 - 共几行24
2017-12-25 21:29:41,230 DEBUG RenameIt:62 - 共几行24
2017-12-25 21:29:41,230 DEBUG RenameIt:62 - 共几行24
2017-12-25 21:29:41,230 DEBUG RenameIt:62 - 共几行24
2017-12-25 21:29:41,231 DEBUG RenameIt:62 - 共几行24
2017-12-25 21:29:41,231 DEBUG RenameIt:62 - 共几行24
2017-12-25 21:29:41,231 DEBUG RenameIt:68 - 单元格null
2017-12-25 21:29:41,231 DEBUG RenameIt:68 - 单元格null
2017-12-25 21:29:41,232 DEBUG RenameIt:68 - 单元格null
2017-12-25 21:29:41,232 DEBUG RenameIt:68 - 单元格null
2017-12-25 21:29:41,232 DEBUG RenameIt:68 - 单元格null
2017-12-25 21:29:41,233 DEBUG RenameIt:68 - 单元格sai0020
2017-12-25 21:29:41,233 DEBUG RenameIt:76 - row.getCell(k)sai0020
2017-12-25 21:29:41,233 DEBUG RenameIt:77 - key
2017-12-25 21:29:41,234 DEBUG RenameIt:76 - row.getCell(k)sai0020
2017-12-25 21:29:41,234 DEBUG RenameIt:77 - keysssss
2017-12-25 21:29:41,234 DEBUG RenameIt:62 - 共几行24
2017-12-25 21:29:41,234 DEBUG RenameIt:68 - 单元格null
2017-12-25 21:29:41,235 DEBUG RenameIt:68 - 单元格null
2017-12-25 21:29:41,235 DEBUG RenameIt:68 - 单元格null
2017-12-25 21:29:41,235 DEBUG RenameIt:68 - 单元格null
2017-12-25 21:29:41,235 DEBUG RenameIt:68 - 单元格null
2017-12-25 21:29:41,236 DEBUG RenameIt:68 - 单元格sai0021
2017-12-25 21:29:41,236 DEBUG RenameIt:76 - row.getCell(k)sai0021
2017-12-25 21:29:41,236 DEBUG RenameIt:77 - key
2017-12-25 21:29:41,237 DEBUG RenameIt:76 - row.getCell(k)sai0021
2017-12-25 21:29:41,237 DEBUG RenameIt:77 - keysssss
2017-12-25 21:29:41,237 DEBUG RenameIt:62 - 共几行24
2017-12-25 21:29:41,238 DEBUG RenameIt:68 - 单元格null
2017-12-25 21:29:41,238 DEBUG RenameIt:68 - 单元格null
2017-12-25 21:29:41,238 DEBUG RenameIt:68 - 单元格null
2017-12-25 21:29:41,238 DEBUG RenameIt:68 - 单元格null
2017-12-25 21:29:41,239 DEBUG RenameIt:68 - 单元格null
2017-12-25 21:29:41,239 DEBUG RenameIt:68 - 单元格sai0022
2017-12-25 21:29:41,239 DEBUG RenameIt:76 - row.getCell(k)sai0022
2017-12-25 21:29:41,240 DEBUG RenameIt:77 - key
2017-12-25 21:29:41,240 DEBUG RenameIt:76 - row.getCell(k)sai0022
2017-12-25 21:29:41,240 DEBUG RenameIt:77 - keysssss
2017-12-25 21:29:41,241 DEBUG RenameIt:62 - 共几行24
2017-12-25 21:29:41,241 DEBUG RenameIt:68 - 单元格null
2017-12-25 21:29:41,241 DEBUG RenameIt:68 - 单元格null
2017-12-25 21:29:41,241 DEBUG RenameIt:68 - 单元格null
2017-12-25 21:29:41,242 DEBUG RenameIt:68 - 单元格null
2017-12-25 21:29:41,242 DEBUG RenameIt:68 - 单元格null
2017-12-25 21:29:41,242 DEBUG RenameIt:68 - 单元格sai0023
2017-12-25 21:29:41,243 DEBUG RenameIt:76 - row.getCell(k)sai0023
2017-12-25 21:29:41,243 DEBUG RenameIt:77 - key
2017-12-25 21:29:41,243 DEBUG RenameIt:76 - row.getCell(k)sai0023
2017-12-25 21:29:41,244 DEBUG RenameIt:77 - keysssss
2017-12-25 21:29:41,244 DEBUG RenameIt:62 - 共几行24
2017-12-25 21:29:41,244 DEBUG RenameIt:68 - 单元格null
2017-12-25 21:29:41,244 DEBUG RenameIt:68 - 单元格null
2017-12-25 21:29:41,245 DEBUG RenameIt:68 - 单元格null
2017-12-25 21:29:41,245 DEBUG RenameIt:68 - 单元格null
2017-12-25 21:29:41,245 DEBUG RenameIt:68 - 单元格null
2017-12-25 21:29:41,246 DEBUG RenameIt:68 - 单元格sai0024
2017-12-25 21:29:41,246 DEBUG RenameIt:76 - row.getCell(k)sai0024
2017-12-25 21:29:41,246 DEBUG RenameIt:77 - key
2017-12-25 21:29:41,246 DEBUG RenameIt:76 - row.getCell(k)sai0024
2017-12-25 21:29:41,247 DEBUG RenameIt:77 - keysssss
2017-12-25 21:29:41,247 DEBUG RenameIt:62 - 共几行24
2017-12-25 21:29:41,247 DEBUG RenameIt:68 - 单元格null
2017-12-25 21:29:41,253 DEBUG RenameIt:68 - 单元格null
2017-12-25 21:29:41,253 DEBUG RenameIt:68 - 单元格null
2017-12-25 21:29:41,253 DEBUG RenameIt:68 - 单元格null
2017-12-25 21:29:41,254 DEBUG RenameIt:68 - 单元格null
2017-12-25 21:29:41,254 DEBUG RenameIt:68 - 单元格GG
2017-12-25 21:29:41,254 DEBUG RenameIt:76 - row.getCell(k)GG
2017-12-25 21:29:41,255 DEBUG RenameIt:77 - key
2017-12-25 21:29:41,255 DEBUG RenameIt:76 - row.getCell(k)GG
2017-12-25 21:29:41,255 DEBUG RenameIt:77 - keysssss
2017-12-25 21:29:41,255 DEBUG RenameIt:62 - 共几行24
2017-12-25 21:29:41,256 DEBUG RenameIt:68 - 单元格null
2017-12-25 21:29:41,256 DEBUG RenameIt:68 - 单元格null
2017-12-25 21:29:41,256 DEBUG RenameIt:68 - 单元格null
2017-12-25 21:29:41,256 DEBUG RenameIt:68 - 单元格null
2017-12-25 21:29:41,257 DEBUG RenameIt:68 - 单元格null
2017-12-25 21:29:41,257 DEBUG RenameIt:68 - 单元格sai0026
2017-12-25 21:29:41,258 DEBUG RenameIt:76 - row.getCell(k)sai0026
2017-12-25 21:29:41,258 DEBUG RenameIt:77 - key
2017-12-25 21:29:41,258 DEBUG RenameIt:76 - row.getCell(k)sai0026
2017-12-25 21:29:41,258 DEBUG RenameIt:77 - keysssss
2017-12-25 21:29:41,259 DEBUG RenameIt:62 - 共几行24
2017-12-25 21:29:41,259 DEBUG RenameIt:68 - 单元格null
2017-12-25 21:29:41,259 DEBUG RenameIt:68 - 单元格null
2017-12-25 21:29:41,259 DEBUG RenameIt:68 - 单元格null
2017-12-25 21:29:41,260 DEBUG RenameIt:68 - 单元格null
2017-12-25 21:29:41,260 DEBUG RenameIt:68 - 单元格null
2017-12-25 21:29:41,260 DEBUG RenameIt:68 - 单元格sai0027
2017-12-25 21:29:41,261 DEBUG RenameIt:76 - row.getCell(k)sai0027
2017-12-25 21:29:41,261 DEBUG RenameIt:77 - key
2017-12-25 21:29:41,261 DEBUG RenameIt:76 - row.getCell(k)sai0027
2017-12-25 21:29:41,262 DEBUG RenameIt:77 - keysssss
2017-12-25 21:29:41,262 DEBUG RenameIt:62 - 共几行24
2017-12-25 21:29:41,262 DEBUG RenameIt:68 - 单元格null
2017-12-25 21:29:41,262 DEBUG RenameIt:68 - 单元格null
2017-12-25 21:29:41,263 DEBUG RenameIt:68 - 单元格null
2017-12-25 21:29:41,263 DEBUG RenameIt:68 - 单元格null
2017-12-25 21:29:41,263 DEBUG RenameIt:68 - 单元格null
2017-12-25 21:29:41,263 DEBUG RenameIt:68 - 单元格sai0028
2017-12-25 21:29:41,264 DEBUG RenameIt:76 - row.getCell(k)sai0028
2017-12-25 21:29:41,264 DEBUG RenameIt:77 - key
2017-12-25 21:29:41,264 DEBUG RenameIt:76 - row.getCell(k)sai0028
2017-12-25 21:29:41,265 DEBUG RenameIt:77 - keysssss
2017-12-25 21:29:41,265 DEBUG RenameIt:62 - 共几行24
2017-12-25 21:29:41,265 DEBUG RenameIt:68 - 单元格null
2017-12-25 21:29:41,265 DEBUG RenameIt:68 - 单元格null
2017-12-25 21:29:41,266 DEBUG RenameIt:68 - 单元格null
2017-12-25 21:29:41,266 DEBUG RenameIt:68 - 单元格null
2017-12-25 21:29:41,266 DEBUG RenameIt:68 - 单元格null
2017-12-25 21:29:41,266 DEBUG RenameIt:68 - 单元格sai0029
2017-12-25 21:29:41,267 DEBUG RenameIt:76 - row.getCell(k)sai0029
2017-12-25 21:29:41,267 DEBUG RenameIt:77 - key
2017-12-25 21:29:41,267 DEBUG RenameIt:76 - row.getCell(k)sai0029
2017-12-25 21:29:41,268 DEBUG RenameIt:77 - keysssss
